Build started 13/01/2014 16:40:45.
     1>Project "C:\Users\proprietaire\Documents\Visual Studio 2010\Projects\InterfaceTut\InterfaceTut\InterfaceTut.vcxproj" on node 2 (build target(s)).
     1>InitializeBuildStatus:
         Creating "Debug\InterfaceTut.unsuccessfulbuild" because "AlwaysCreate" was specified.
       CustomBuild:
         All outputs are up-to-date.
       ClCompile:
         C:\Program Files (x86)\Microsoft Visual Studio 10.0\VC\bin\CL.exe /c /I.\GeneratedFiles /I. /IC:\Qt\4.8.4\include /I.\GeneratedFiles\Debug /IC:\Qt\4.8.4\include\QtCore /IC:\Qt\4.8.4\include\QtGui /IC:\Qt\4.8.4\include\QtSvg /Zi /nologo /W1 /WX- /Od /Oy- /D UNICODE /D WIN32 /D QT_LARGEFILE_SUPPORT /D QT_DLL /D QT_CORE_LIB /D QT_GUI_LIB /D QT_SVG_LIB /Gm- /EHsc /MDd /GS /fp:precise /Zc:wchar_t- /Zc:forScope /Fo"Debug\\" /Fd"Debug\vc100.pdb" /Gd /TP /analyze- /errorReport:prompt interfacetut.cpp
         interfacetut.cpp
         All outputs are up-to-date.
       Link:
         C:\Program Files (x86)\Microsoft Visual Studio 10.0\VC\bin\link.exe /ERRORREPORT:PROMPT /OUT:"C:\Users\proprietaire\Documents\Visual Studio 2010\Projects\InterfaceTut\Win32\Debug\\InterfaceTut.exe" /NOLOGO /LIBPATH:C:\Qt\4.8.4\lib qtmaind.lib QtCored4.lib QtGuid4.lib QtSvgd4.lib kernel32.lib user32.lib gdi32.lib winspool.lib comdlg32.lib advapi32.lib shell32.lib ole32.lib oleaut32.lib uuid.lib odbc32.lib odbccp32.lib /MANIFEST /ManifestFile:"Debug\InterfaceTut.exe.intermediate.manifest" /MANIFESTUAC:"level='asInvoker' uiAccess='false'" /DEBUG /PDB:"C:\Users\proprietaire\Documents\Visual Studio 2010\Projects\InterfaceTut\Win32\Debug\InterfaceTut.pdb" /SUBSYSTEM:WINDOWS /TLBID:1 /DYNAMICBASE /NXCOMPAT /IMPLIB:"C:\Users\proprietaire\Documents\Visual Studio 2010\Projects\InterfaceTut\Win32\Debug\InterfaceTut.lib" /MACHINE:X86 Debug\moc_interfacetut.obj
         Debug\moc_user.obj
         Debug\qrc_interfacetut.obj
         Debug\interfacetut.obj
         Debug\main.obj
         Debug\user.obj
         LINK : C:\Users\proprietaire\Documents\Visual Studio 2010\Projects\InterfaceTut\Win32\Debug\\InterfaceTut.exe introuvable ou non généré par la dernière édition de liens incrémentielle ; édition de liens complète en cours
         InterfaceTut.vcxproj -> C:\Users\proprietaire\Documents\Visual Studio 2010\Projects\InterfaceTut\Win32\Debug\InterfaceTut.exe
       Manifest:
         C:\Program Files (x86)\Microsoft SDKs\Windows\v7.0A\bin\mt.exe /nologo /verbose /outputresource:"C:\Users\proprietaire\Documents\Visual Studio 2010\Projects\InterfaceTut\Win32\Debug\\InterfaceTut.exe;#1" /manifest Debug\InterfaceTut.exe.intermediate.manifest
       FinalizeBuildStatus:
         Deleting file "Debug\InterfaceTut.unsuccessfulbuild".
         Touching "Debug\InterfaceTut.lastbuildstate".
     1>Done Building Project "C:\Users\proprietaire\Documents\Visual Studio 2010\Projects\InterfaceTut\InterfaceTut\InterfaceTut.vcxproj" (build target(s)).

Build succeeded.

Time Elapsed 00:00:02.16
